<?xml version="1.0" encoding="UTF-8"?>
<!-- Generated by org.testng.reporters.JUnitReportReporter -->
<testsuite skipped="0" hostname="Garimas-MBP.cgocable.net" name="ui.TestAutomationClass" tests="5" failures="0" timestamp="20 Apr 2022 16:57:57 GMT" time="28.111" errors="0">
  <testcase name="verifyLinkedInNavigationTest" time="4.739" classname="ui.TestAutomationClass"/>
  <testcase name="generateProfileCardTest" time="7.344" classname="ui.TestAutomationClass"/>
  <testcase name="downloadResumeTest" time="4.763" classname="ui.TestAutomationClass"/>
  <testcase name="verifyProfileCardLinkPage" time="6.682" classname="ui.TestAutomationClass"/>
  <testcase name="verifyTitleTest" time="4.583" classname="ui.TestAutomationClass"/>
</testsuite> <!-- ui.TestAutomationClass -->
